2025/10/08 16:49:13 [notice] 52#52: [INIT] init phase started
2025/10/08 16:49:13 [notice] 52#52: [INIT] deleting old keys from datastore ...
2025/10/08 16:49:13 [notice] 52#52: [INIT] deleted old keys from datastore
2025/10/08 16:49:13 [notice] 52#52: [INIT] saving plugins into datastore ...
2025/10/08 16:49:13 [notice] 52#52: [INIT] loaded plugin blacklist v1.0
2025/10/08 16:49:13 [notice] 52#52: [INIT] loaded plugin selfsigned v1.0
2025/10/08 16:49:13 [notice] 52#52: [INIT] loaded plugin clientcache v1.0
2025/10/08 16:49:13 [notice] 52#52: [INIT] loaded plugin badbehavior v1.0
2025/10/08 16:49:13 [notice] 52#52: [INIT] loaded plugin errors v1.0
2025/10/08 16:49:13 [notice] 52#52: [INIT] loaded plugin limit v1.0
2025/10/08 16:49:13 [notice] 52#52: [INIT] loaded plugin pro v1.0
2025/10/08 16:49:13 [notice] 52#52: [INIT] loaded plugin gzip v1.0
2025/10/08 16:49:13 [notice] 52#52: [INIT] loaded plugin ui v1.0
2025/10/08 16:49:13 [notice] 52#52: [INIT] loaded plugin inject v1.0
2025/10/08 16:49:13 [notice] 52#52: [INIT] loaded plugin redis v1.0
2025/10/08 16:49:13 [notice] 52#52: [INIT] loaded plugin metrics v1.0
2025/10/08 16:49:13 [notice] 52#52: [INIT] loaded plugin reverseproxy v1.0
2025/10/08 16:49:13 [notice] 52#52: [INIT] loaded plugin jobs v1.0
2025/10/08 16:49:13 [notice] 52#52: [INIT] loaded plugin whitelist v1.0
2025/10/08 16:49:13 [notice] 52#52: [INIT] loaded plugin headers v1.0
2025/10/08 16:49:13 [notice] 52#52: [INIT] loaded plugin antibot v1.0
2025/10/08 16:49:13 [notice] 52#52: [INIT] loaded plugin realip v1.0
2025/10/08 16:49:13 [notice] 52#52: [INIT] loaded plugin backup v1.0
2025/10/08 16:49:13 [notice] 52#52: [INIT] loaded plugin php v1.0
2025/10/08 16:49:13 [notice] 52#52: [INIT] loaded plugin greylist v1.0
2025/10/08 16:49:13 [notice] 52#52: [INIT] loaded plugin brotli v1.0
2025/10/08 16:49:13 [notice] 52#52: [INIT] loaded plugin reversescan v1.0
2025/10/08 16:49:13 [notice] 52#52: [INIT] loaded plugin db v1.0
2025/10/08 16:49:13 [notice] 52#52: [INIT] loaded plugin modsecurity v1.0
2025/10/08 16:49:13 [notice] 52#52: [INIT] loaded plugin redirect v1.0
2025/10/08 16:49:13 [notice] 52#52: [INIT] loaded plugin sessions v1.0
2025/10/08 16:49:13 [notice] 52#52: [INIT] loaded plugin misc v1.0
2025/10/08 16:49:13 [notice] 52#52: [INIT] loaded plugin authbasic v1.0
2025/10/08 16:49:13 [notice] 52#52: [INIT] loaded plugin country v1.0
2025/10/08 16:49:13 [notice] 52#52: [INIT] loaded plugin cors v1.0
2025/10/08 16:49:13 [notice] 52#52: [INIT] loaded plugin dnsbl v1.0
2025/10/08 16:49:13 [notice] 52#52: [INIT] loaded plugin customcert v1.0
2025/10/08 16:49:13 [notice] 52#52: [INIT] loaded plugin bunkernet v1.0
2025/10/08 16:49:13 [notice] 52#52: [INIT] loaded plugin letsencrypt v1.0
2025/10/08 16:49:13 [notice] 52#52: [INIT] saving variables into datastore ...
2025/10/08 16:49:13 [notice] 52#52: [INIT] saved variables into datastore
2025/10/08 16:49:13 [notice] 52#52: [INIT] saving plugins order into datastore ...
2025/10/08 16:49:13 [notice] 52#52: [INIT] plugins order for phase set : ["sessions","whitelist","letsencrypt","customcert","selfsigned","ui"]
2025/10/08 16:49:13 [notice] 52#52: [INIT] plugins order for phase init_workers : {}
2025/10/08 16:49:13 [notice] 52#52: [INIT] plugins order for phase timer : ["metrics"]
2025/10/08 16:49:13 [notice] 52#52: [INIT] plugins order for phase log_default : ["badbehavior","bunkernet","misc","metrics"]
2025/10/08 16:49:13 [notice] 52#52: [INIT] plugins order for phase rewrite : {}
2025/10/08 16:49:13 [notice] 52#52: [INIT] plugins order for phase header : ["cors","antibot","misc","headers"]
2025/10/08 16:49:13 [notice] 52#52: [INIT] plugins order for phase content : ["antibot"]
2025/10/08 16:49:13 [notice] 52#52: [INIT] plugins order for phase log : ["badbehavior","bunkernet","errors","metrics"]
2025/10/08 16:49:13 [notice] 52#52: [INIT] plugins order for phase ssl_certificate : ["customcert","letsencrypt","selfsigned"]
2025/10/08 16:49:13 [notice] 52#52: [INIT] plugins order for phase preread : ["whitelist","blacklist","greylist","country","dnsbl","reversescan"]
2025/10/08 16:49:13 [notice] 52#52: [INIT] plugins order for phase log_stream : ["badbehavior","bunkernet"]
2025/10/08 16:49:13 [notice] 52#52: [INIT] plugins order for phase init : ["sessions","whitelist","blacklist","greylist","bunkernet","limit","headers","letsencrypt","customcert","selfsigned"]
2025/10/08 16:49:13 [notice] 52#52: [INIT] plugins order for phase init_worker : ["redis","bunkernet","dnsbl"]
2025/10/08 16:49:13 [notice] 52#52: [INIT] plugins order for phase access : ["whitelist","letsencrypt","blacklist","greylist","country","dnsbl","bunkernet","reversescan","limit","misc","cors","antibot"]
2025/10/08 16:49:13 [notice] 52#52: [INIT] saved plugins order into datastore
2025/10/08 16:49:13 [notice] 52#52: [INIT] calling init() methods of plugins ...
2025/10/08 16:49:13 [notice] 52#52: [INIT] sessions:init() call successful : init not needed
2025/10/08 16:49:13 [notice] 52#52: [INIT] whitelist:init() call successful : init not needed
2025/10/08 16:49:13 [notice] 52#52: [INIT] blacklist:init() call successful : init not needed
2025/10/08 16:49:13 [notice] 52#52: [INIT] greylist:init() call successful : init not needed
2025/10/08 16:49:13 [notice] 52#52: [INIT] bunkernet:init() call successful : no service uses BunkerNet, skipping init
2025/10/08 16:49:13 [notice] 52#52: [INIT] limit:init() call successful : no service uses limit for requests, skipping init
2025/10/08 16:49:13 [notice] 52#52: [INIT] headers:init() call successful : successfully loaded 1 custom headers
2025/10/08 16:49:13 [notice] 52#52: [INIT] letsencrypt:init() call successful : let's encrypt is not used
2025/10/08 16:49:13 [notice] 52#52: [INIT] customcert:init() call successful : custom cert is not used
2025/10/08 16:49:13 [notice] 52#52: [INIT] selfsigned:init() call successful : self signed is not used
2025/10/08 16:49:13 [notice] 52#52: [INIT] called init() methods of plugins
2025/10/08 16:49:13 [notice] 52#52: [INIT] init phase ended
2025/10/08 16:49:13 [notice] 52#52: using the "epoll" event method
2025/10/08 16:49:13 [notice] 52#52: nginx/1.26.2
2025/10/08 16:49:13 [notice] 52#52: built by gcc 13.2.1 20240309 (Alpine 13.2.1_git20240309) 
2025/10/08 16:49:13 [notice] 52#52: OS: Linux 5.15.167.4-microsoft-standard-WSL2
2025/10/08 16:49:13 [notice] 52#52: getrlimit(RLIMIT_NOFILE): 1048576:1048576
2025/10/08 16:49:13 [notice] 52#52: start worker processes
2025/10/08 16:49:13 [notice] 52#52: start worker process 56
2025/10/08 16:49:13 [notice] 52#52: start worker process 57
2025/10/08 16:49:13 [notice] 52#52: start worker process 58
2025/10/08 16:49:13 [notice] 52#52: start worker process 59
2025/10/08 16:49:13 [notice] 52#52: start worker process 60
2025/10/08 16:49:13 [notice] 52#52: start worker process 61
2025/10/08 16:49:13 [notice] 52#52: start worker process 62
2025/10/08 16:49:13 [notice] 52#52: start worker process 63
